<?xml version="1.0" encoding="UTF-8"?>
<testng-results ignored="0" total="2" passed="2" failed="0" skipped="0">
  <reporter-output>
  </reporter-output>
  <suite started-at="2024-05-22T14:42:49 IST" name="Suite" finished-at="2024-05-22T14:43:42 IST" duration-ms="53225">
    <groups>
      <group name="Purchase">
        <method signature="SubmitOrderTest.submitOrder(java.util.HashMap)[pri:0, instance:rahulshettyacademy.tests.SubmitOrderTest@515aebb0]" name="submitOrder" class="rahulshettyacademy.tests.SubmitOrderTest"/>
      </group> <!-- Purchase -->
    </groups>
    <test started-at="2024-05-22T14:42:49 IST" name="Submit Order Test" finished-at="2024-05-22T14:43:42 IST" duration-ms="53103">
      <class name="rahulshettyacademy.tests.SubmitOrderTest">
        <test-method is-config="true" signature="LaunchApplication()[pri:0, instance:rahulshettyacademy.tests.SubmitOrderTest@515aebb0]" started-at="2024-05-22T14:42:49 IST" name="LaunchApplication" finished-at="2024-05-22T14:42:55 IST" duration-ms="6069" status="PASS">
          <reporter-output>
          </reporter-output>
        </test-method> <!-- LaunchApplication -->
        <test-method signature="submitOrder(java.util.HashMap)[pri:0, instance:rahulshettyacademy.tests.SubmitOrderTest@515aebb0]" started-at="2024-05-22T14:42:55 IST" name="submitOrder" data-provider="getData" finished-at="2024-05-22T14:43:17 IST" duration-ms="21109" status="PASS">
          <params>
            <param index="0">
              <value>
                <![CDATA[{password=L-FRsh86#, product=ZARA COAT 3, email=naveen.naveen11@gmail.com}]]>
              </value>
            </param>
          </params>
          <reporter-output>
          </reporter-output>
        </test-method> <!-- submitOrder -->
        <test-method is-config="true" signature="tearDown()[pri:0, instance:rahulshettyacademy.tests.SubmitOrderTest@515aebb0]" started-at="2024-05-22T14:43:17 IST" name="tearDown" finished-at="2024-05-22T14:43:17 IST" duration-ms="168" status="PASS">
          <reporter-output>
          </reporter-output>
        </test-method> <!-- tearDown -->
        <test-method is-config="true" signature="LaunchApplication()[pri:0, instance:rahulshettyacademy.tests.SubmitOrderTest@515aebb0]" started-at="2024-05-22T14:43:17 IST" name="LaunchApplication" finished-at="2024-05-22T14:43:21 IST" duration-ms="4462" status="PASS">
          <reporter-output>
          </reporter-output>
        </test-method> <!-- LaunchApplication -->
        <test-method signature="submitOrder(java.util.HashMap)[pri:0, instance:rahulshettyacademy.tests.SubmitOrderTest@515aebb0]" started-at="2024-05-22T14:43:21 IST" name="submitOrder" data-provider="getData" finished-at="2024-05-22T14:43:42 IST" duration-ms="20567" status="PASS">
          <params>
            <param index="0">
              <value>
                <![CDATA[{password=L-FRsh86#, product=ADIDAS ORIGINAL, email=naveen.naveen12@gmail.com}]]>
              </value>
            </param>
          </params>
          <reporter-output>
          </reporter-output>
        </test-method> <!-- submitOrder -->
        <test-method is-config="true" signature="tearDown()[pri:0, instance:rahulshettyacademy.tests.SubmitOrderTest@515aebb0]" started-at="2024-05-22T14:43:42 IST" name="tearDown" finished-at="2024-05-22T14:43:42 IST" duration-ms="157" status="PASS">
          <reporter-output>
          </reporter-output>
        </test-method> <!-- tearDown -->
      </class> <!-- rahulshettyacademy.tests.SubmitOrderTest -->
    </test> <!-- Submit Order Test -->
    <test started-at="2024-05-22T14:43:42 IST" name="Error Validations Test" finished-at="2024-05-22T14:43:42 IST" duration-ms="0">
    </test> <!-- Error Validations Test -->
  </suite> <!-- Suite -->
</testng-results>
